./python3: /usr/local/cuda-8.0/lib64/libOpenCL.so.1: no version information available (required by ./python3)

ษออออออออออออออออออออออออออออออออออออออออออออออออออออออออออออออออป
บ      Claymore's Dual ETH + DCR/SC/LBC/PASC GPU Miner v9.5      บ
ศออออออออออออออออออออออออออออออออออออออออออออออออออออออออออออออออผ

ETH: 1 pool is specified
Main Ethereum pool is cn.sparkpool.com:3333
AMD OpenCL platform not found 

Driver 368.81 is recommended for best performance and compatibility
Be careful with overclocking, use default clocks for first tests
Press "s" for current statistics, "0".."9" to turn on/off cards, "r" to reload pools, "e" or "d" to select current pool 
CUDA initializing...

NVIDIA Cards available: 2 
[1;32mCUDA Driver Version/Runtime Version: 9.0/8.0
[0m[1;32mGPU #0: GeForce GTX 1080, 8112 MB available, 20 compute units, capability: 6.1

[0m[1;32mGPU #1: GeForce GTX 1080, 8114 MB available, 20 compute units, capability: 6.1

[0m[1;32mTotal cards: 2 
[0mETH: Stratum - connecting to 'cn.sparkpool.com' <180.97.158.161> port 3333
[1;32mETH: Stratum - Connected (cn.sparkpool.com:3333)
[0m[0;36mETHEREUM-ONLY MINING MODE ENABLED (-mode 1)
[0mETH: eth-proxy stratum mode
Watchdog enabled
Remote management (READ-ONLY MODE) is enabled on port 3333

[1;32mETH: Authorized
[0mSetting DAG epoch #198...
Setting DAG epoch #198 for GPU1
Setting DAG epoch #198 for GPU0
Create GPU buffer for GPU0
Create GPU buffer for GPU1
ETH: 07/11/18-01:01:30 - New job from cn.sparkpool.com:3333
[0;36mETH - Total Speed: 0.000 Mh/s, Total Shares: 0, Rejected: 0, Time: 00:00
[0m[0;36mETH: GPU0 0.000 Mh/s, GPU1 0.000 Mh/s
[0m[0;31mGPU 0, GpuMiner cu_kd failed 77 (18), an illegal memory access was encountered
[0m[0;31mGPU 0, Calc DAG failed!
[0m[0;31mGPU 1, GpuMiner cu_kd failed 77 (11), an illegal memory access was encountered
[0m[0;31mGPU 1, Calc DAG failed!
[0m[0;31mGPU 0 failed
[0mSetting DAG epoch #198 for GPU0
Create GPU buffer for GPU0
[0;31mCUDA error - cannot allocate big buffer for DAG. Check readme.txt for possible solutions.
[0m[0;31mGPU 1 failed
[0mSetting DAG epoch #198 for GPU1
Create GPU buffer for GPU1
[0;31mCUDA error - cannot allocate big buffer for DAG. Check readme.txt for possible solutions.
[0m[0;31mGPU 0 failed
[0m[0;31mGPU 1 failed
[0mETH: 07/11/18-01:01:42 - New job from cn.sparkpool.com:3333
[0;36mETH - Total Speed: 0.000 Mh/s, Total Shares: 0, Rejected: 0, Time: 00:00
[0m[0;36mETH: GPU0 0.000 Mh/s, GPU1 0.000 Mh/s
[0mETH: 07/11/18-01:01:46 - New job from cn.sparkpool.com:3333
[0;36mETH - Total Speed: 0.000 Mh/s, Total Shares: 0, Rejected: 0, Time: 00:00
[0m[0;36mETH: GPU0 0.000 Mh/s, GPU1 0.000 Mh/s
[0mETH: 07/11/18-01:01:50 - New job from cn.sparkpool.com:3333
[0;36mETH - Total Speed: 0.000 Mh/s, Total Shares: 0, Rejected: 0, Time: 00:00
[0m[0;36mETH: GPU0 0.000 Mh/s, GPU1 0.000 Mh/s
[0m[0;35mGPU0 t=63C fan=32%, GPU1 t=73C fan=52%
[0m[0;31mWATCHDOG: GPU error, you need to restart miner :( 
[0m./python3: /usr/local/cuda-8.0/lib64/libOpenCL.so.1: no version information available (required by ./python3)
